<?xml version="1.0" encoding="UTF-8"?>
<!-- Generated by org.testng.reporters.JUnitXMLReporter -->
<testsuite hostname="mgade-L440" name="Surefire test" tests="195" failures="8" timestamp="20 Dec 2016 15:56:04 GMT" time="1284.82" errors="0">
  <testcase name="@BeforeClass setTest" time="0.0" classname="com.deem.joltage.platformtests.test.NotificationServiceTest">
    <failure type="java.lang.NullPointerException">
      <![CDATA[java.lang.NullPointerException
	at com.deem.joltage.platformtests.test.NotificationServiceTest.setTest(NotificationServiceTest.java:40)
... Removed 28 stack frames]]>
    </failure>
  </testcase> <!-- @BeforeClass setTest -->
  <testcase name="@BeforeClass setTest" time="0.0" classname="com.deem.joltage.platformtests.test.RESearchServiceTest">
    <failure type="java.lang.NullPointerException">
      <![CDATA[java.lang.NullPointerException
	at com.deem.joltage.platformtests.test.RESearchServiceTest.setTest(RESearchServiceTest.java:37)
... Removed 28 stack frames]]>
    </failure>
  </testcase> <!-- @BeforeClass setTest -->
  <testcase name="inValidatedPostalCode" time="1.154" classname="com.deem.joltage.platformtests.test.LocationServiceTest"/>
  <testcase name="inValidatedPostalCode" time="0.775" classname="com.deem.joltage.platformtests.test.LocationServiceTest"/>
  <testcase name="inValidatedPostalCode" time="0.632" classname="com.deem.joltage.platformtests.test.LocationServiceTest"/>
  <testcase name="inValidatedPostalCode" time="0.534" classname="com.deem.joltage.platformtests.test.LocationServiceTest"/>
  <testcase name="inValidatedPostalCode" time="0.672" classname="com.deem.joltage.platformtests.test.LocationServiceTest"/>
  <testcase name="inValidatedPostalCode" time="0.817" classname="com.deem.joltage.platformtests.test.LocationServiceTest"/>
  <testcase name="inValidatedReverseGeocode" time="1.593" classname="com.deem.joltage.platformtests.test.LocationServiceTest"/>
  <testcase name="inValidatedReverseGeocode" time="0.799" classname="com.deem.joltage.platformtests.test.LocationServiceTest"/>
  <testcase name="inValidatedReverseGeocode" time="0.877" classname="com.deem.joltage.platformtests.test.LocationServiceTest"/>
  <testcase name="ipLocationServiceTest" time="0.597" classname="com.deem.joltage.platformtests.test.LocationServiceTest"/>
  <testcase name="ipLocationServiceTest" time="0.575" classname="com.deem.joltage.platformtests.test.LocationServiceTest"/>
  <testcase name="ipLocationServiceTest" time="0.532" classname="com.deem.joltage.platformtests.test.LocationServiceTest"/>
  <testcase name="ipLocationServiceTest" time="0.541" classname="com.deem.joltage.platformtests.test.LocationServiceTest"/>
  <testcase name="ipLocationServiceTest" time="0.541" classname="com.deem.joltage.platformtests.test.LocationServiceTest"/>
  <testcase name="ipLocationServiceTest" time="0.79" classname="com.deem.joltage.platformtests.test.LocationServiceTest"/>
  <testcase name="ipLocationServiceTest" time="0.543" classname="com.deem.joltage.platformtests.test.LocationServiceTest"/>
  <testcase name="ipLocationServiceTest" time="0.534" classname="com.deem.joltage.platformtests.test.LocationServiceTest"/>
  <testcase name="ipLocationServiceTest" time="0.531" classname="com.deem.joltage.platformtests.test.LocationServiceTest"/>
  <testcase name="locationInvalidServiceTest" time="0.593" classname="com.deem.joltage.platformtests.test.LocationServiceTest"/>
  <testcase name="locationServiceTest" time="0.621" classname="com.deem.joltage.platformtests.test.LocationServiceTest"/>
  <testcase name="locationServiceTest" time="0.589" classname="com.deem.joltage.platformtests.test.LocationServiceTest"/>
  <testcase name="locationServiceTest" time="0.587" classname="com.deem.joltage.platformtests.test.LocationServiceTest"/>
  <testcase name="locationServiceTest" time="0.599" classname="com.deem.joltage.platformtests.test.LocationServiceTest"/>
  <testcase name="locationServiceTest" time="0.595" classname="com.deem.joltage.platformtests.test.LocationServiceTest"/>
  <testcase name="locationServiceTest" time="0.592" classname="com.deem.joltage.platformtests.test.LocationServiceTest"/>
  <testcase name="locationServiceTest" time="0.606" classname="com.deem.joltage.platformtests.test.LocationServiceTest"/>
  <testcase name="locationServiceTest" time="0.613" classname="com.deem.joltage.platformtests.test.LocationServiceTest"/>
  <testcase name="nullOrInvalidGeocodeQueryTest" time="0.529" classname="com.deem.joltage.platformtests.test.LocationServiceTest"/>
  <testcase name="nullOrInvalidGeocodeQueryTest" time="0.6" classname="com.deem.joltage.platformtests.test.LocationServiceTest"/>
  <testcase name="nullOrInvalidGeocodeQueryTest" time="0.517" classname="com.deem.joltage.platformtests.test.LocationServiceTest"/>
  <testcase name="nullOrInvalidGeocodeQueryTest" time="0.616" classname="com.deem.joltage.platformtests.test.LocationServiceTest"/>
  <testcase name="validatedGeocodeQueryTest" time="0.613" classname="com.deem.joltage.platformtests.test.LocationServiceTest"/>
  <testcase name="validatedGeocodeQueryTest" time="0.6" classname="com.deem.joltage.platformtests.test.LocationServiceTest">
    <failure type="java.lang.AssertionError" message="latitude  should be same. expected [32.8118436] but found [32.8139897]">
      <![CDATA[java.lang.AssertionError: latitude  should be same. expected [32.8118436] but found [32.8139897]
	at com.deem.joltage.platformtests.test.LocationServiceTest.validatedGeocodeQueryTest(LocationServiceTest.java:105)
... Removed 32 stack frames]]>
    </failure>
  </testcase> <!-- validatedGeocodeQueryTest -->
  <testcase name="validatedGeocodeQueryTest" time="0.961" classname="com.deem.joltage.platformtests.test.LocationServiceTest"/>
  <testcase name="validatedGeocodeQueryTest" time="0.676" classname="com.deem.joltage.platformtests.test.LocationServiceTest"/>
  <testcase name="validatedGeocodeQueryTest" time="0.598" classname="com.deem.joltage.platformtests.test.LocationServiceTest"/>
  <testcase name="validatedGeocodeQueryTest" time="0.616" classname="com.deem.joltage.platformtests.test.LocationServiceTest"/>
  <testcase name="validatedGeocodeQueryTest" time="0.612" classname="com.deem.joltage.platformtests.test.LocationServiceTest"/>
  <testcase name="validatedGeocodeQueryTest" time="0.606" classname="com.deem.joltage.platformtests.test.LocationServiceTest"/>
  <testcase name="validatedGeocodeQueryTest" time="0.61" classname="com.deem.joltage.platformtests.test.LocationServiceTest"/>
  <testcase name="validatedGeocodeQueryTest" time="0.616" classname="com.deem.joltage.platformtests.test.LocationServiceTest"/>
  <testcase name="validatedGeocodeQueryTest" time="0.594" classname="com.deem.joltage.platformtests.test.LocationServiceTest"/>
  <testcase name="validatedGeocodeQueryTest" time="0.588" classname="com.deem.joltage.platformtests.test.LocationServiceTest"/>
  <testcase name="validatedGeocodeQueryTest" time="0.596" classname="com.deem.joltage.platformtests.test.LocationServiceTest"/>
  <testcase name="validatedGeocodeQueryTest" time="0.644" classname="com.deem.joltage.platformtests.test.LocationServiceTest"/>
  <testcase name="validatedGeocodeQueryTest" time="0.607" classname="com.deem.joltage.platformtests.test.LocationServiceTest"/>
  <testcase name="validatedGeocodeQueryTest" time="0.596" classname="com.deem.joltage.platformtests.test.LocationServiceTest"/>
  <testcase name="validatedGeocodeQueryTest" time="0.589" classname="com.deem.joltage.platformtests.test.LocationServiceTest"/>
  <testcase name="validatedGeocodeQueryTest" time="0.589" classname="com.deem.joltage.platformtests.test.LocationServiceTest"/>
  <testcase name="validatedGeocodeQueryTest" time="0.586" classname="com.deem.joltage.platformtests.test.LocationServiceTest"/>
  <testcase name="validatedGeocodeQueryTest" time="0.59" classname="com.deem.joltage.platformtests.test.LocationServiceTest"/>
  <testcase name="validatedGeocodeQueryTest" time="0.593" classname="com.deem.joltage.platformtests.test.LocationServiceTest"/>
  <testcase name="validatedGeocodeQueryTest" time="3.812" classname="com.deem.joltage.platformtests.test.LocationServiceTest"/>
  <testcase name="validatedGeocodeQueryTest" time="3.721" classname="com.deem.joltage.platformtests.test.LocationServiceTest"/>
  <testcase name="validatedGeocodeQueryTest" time="3.493" classname="com.deem.joltage.platformtests.test.LocationServiceTest">
    <failure type="java.lang.AssertionError" message="latitude  should be same. expected [32.8113927] but found [32.8139897]">
      <![CDATA[java.lang.AssertionError: latitude  should be same. expected [32.8113927] but found [32.8139897]
	at com.deem.joltage.platformtests.test.LocationServiceTest.validatedGeocodeQueryTest(LocationServiceTest.java:105)
... Removed 31 stack frames]]>
    </failure>
  </testcase> <!-- validatedGeocodeQueryTest -->
  <testcase name="validatedPostalAddressServiceTest" time="1.907" classname="com.deem.joltage.platformtests.test.LocationServiceTest"/>
  <testcase name="validatedPostalAddressServiceTest" time="1.277" classname="com.deem.joltage.platformtests.test.LocationServiceTest"/>
  <testcase name="validatedPostalAddressServiceTest" time="0.694" classname="com.deem.joltage.platformtests.test.LocationServiceTest"/>
  <testcase name="validatedPostalAddressServiceTest" time="0.888" classname="com.deem.joltage.platformtests.test.LocationServiceTest"/>
  <testcase name="validatedPostalAddressServiceTest" time="0.728" classname="com.deem.joltage.platformtests.test.LocationServiceTest"/>
  <testcase name="validatedPostalAddressServiceTest" time="0.818" classname="com.deem.joltage.platformtests.test.LocationServiceTest"/>
  <testcase name="validatedPostalAddressServiceTest" time="491.308" classname="com.deem.joltage.platformtests.test.LocationServiceTest">
    <failure type="java.lang.AssertionError" message="Address should be same. expected [weybridge] but found [sunnyvale]">
      <![CDATA[java.lang.AssertionError: Address should be same. expected [weybridge] but found [sunnyvale]
	at com.deem.joltage.platformtests.test.LocationServiceTest.validatedPostalAddressServiceTest(LocationServiceTest.java:138)
... Removed 32 stack frames]]>
    </failure>
  </testcase> <!-- validatedPostalAddressServiceTest -->
  <testcase name="validatedPostalAddressServiceTest" time="0.862" classname="com.deem.joltage.platformtests.test.LocationServiceTest"/>
  <testcase name="validatedPostalAddressServiceTest" time="0.922" classname="com.deem.joltage.platformtests.test.LocationServiceTest"/>
  <testcase name="validatedPostalAddressServiceTest" time="0.779" classname="com.deem.joltage.platformtests.test.LocationServiceTest"/>
  <testcase name="validatedPostalAddressServiceTest" time="0.781" classname="com.deem.joltage.platformtests.test.LocationServiceTest"/>
  <testcase name="validatedPostalAddressServiceTest" time="0.765" classname="com.deem.joltage.platformtests.test.LocationServiceTest"/>
  <testcase name="validatedPostalAddressServiceTest" time="0.792" classname="com.deem.joltage.platformtests.test.LocationServiceTest"/>
  <testcase name="validatedPostalAddressServiceTest" time="0.745" classname="com.deem.joltage.platformtests.test.LocationServiceTest"/>
  <testcase name="validatedPostalAddressServiceTest" time="0.729" classname="com.deem.joltage.platformtests.test.LocationServiceTest"/>
  <testcase name="validatedReverseGeocode" time="1.026" classname="com.deem.joltage.platformtests.test.LocationServiceTest"/>
  <testcase name="validatedReverseGeocode" time="0.918" classname="com.deem.joltage.platformtests.test.LocationServiceTest"/>
  <testcase name="validatedReverseGeocode" time="0.631" classname="com.deem.joltage.platformtests.test.LocationServiceTest"/>
  <testcase name="validatedReverseGeocode" time="0.654" classname="com.deem.joltage.platformtests.test.LocationServiceTest"/>
  <testcase name="validatedReverseGeocode" time="0.749" classname="com.deem.joltage.platformtests.test.LocationServiceTest"/>
  <testcase name="validatedReverseGeocode" time="0.738" classname="com.deem.joltage.platformtests.test.LocationServiceTest"/>
  <testcase name="validatedReverseGeocode" time="0.814" classname="com.deem.joltage.platformtests.test.LocationServiceTest"/>
  <testcase name="validatedReverseGeocode" time="0.755" classname="com.deem.joltage.platformtests.test.LocationServiceTest"/>
  <testcase name="validatedReverseGeocode" time="0.792" classname="com.deem.joltage.platformtests.test.LocationServiceTest"/>
  <testcase name="validatedReverseGeocode" time="0.74" classname="com.deem.joltage.platformtests.test.LocationServiceTest"/>
  <testcase name="validatedSuggestedPostalAddressServiceTest" time="487.876" classname="com.deem.joltage.platformtests.test.LocationServiceTest">
    <failure type="java.lang.AssertionError" message="expected [true] but found [null]">
      <![CDATA[java.lang.AssertionError: expected [true] but found [null]
	at com.deem.joltage.platformtests.test.LocationServiceTest.validatedSuggestedPostalAddressServiceTest(LocationServiceTest.java:158)
... Removed 33 stack frames]]>
    </failure>
  </testcase> <!-- validatedSuggestedPostalAddressServiceTest -->
  <testcase name="reHotelSearchServiceTest" time="0.001" classname="com.deem.joltage.platformtests.test.NotificationServiceTest">
    <skipped/>
  </testcase> <!-- reHotelSearchServiceTest -->
  <testcase name="reHotelSearchServiceTest" time="0.0" classname="com.deem.joltage.platformtests.test.NotificationServiceTest">
    <skipped/>
  </testcase> <!-- reHotelSearchServiceTest -->
  <testcase name="reHotelSearchServiceTest" time="0.001" classname="com.deem.joltage.platformtests.test.NotificationServiceTest">
    <skipped/>
  </testcase> <!-- reHotelSearchServiceTest -->
  <testcase name="reHotelSearchServiceTest" time="0.0" classname="com.deem.joltage.platformtests.test.NotificationServiceTest">
    <skipped/>
  </testcase> <!-- reHotelSearchServiceTest -->
  <testcase name="reCarRentalMultSearchService" time="1.48" classname="com.deem.joltage.platformtests.test.RENightlySuiteTest"/>
  <testcase name="reCarRentalMultSearchService" time="1.107" classname="com.deem.joltage.platformtests.test.RENightlySuiteTest">
    <failure type="java.lang.AssertionError" message="Group id should be same. expected [LcarRental_TCOS ANGELES] but found [LOS ANGELES]">
      <![CDATA[java.lang.AssertionError: Group id should be same. expected [LcarRental_TCOS ANGELES] but found [LOS ANGELES]
	at com.deem.joltage.platformtests.test.RENightlySuiteTest.reCarRentalMultSearchService(RENightlySuiteTest.java:926)
... Removed 32 stack frames]]>
    </failure>
  </testcase> <!-- reCarRentalMultSearchService -->
  <testcase name="reCarRentalMultSearchService" time="1.104" classname="com.deem.joltage.platformtests.test.RENightlySuiteTest"/>
  <testcase name="reCarRentalMultSearchService" time="1.111" classname="com.deem.joltage.platformtests.test.RENightlySuiteTest"/>
  <testcase name="reCarRentalMultSearchService" time="1.072" classname="com.deem.joltage.platformtests.test.RENightlySuiteTest"/>
  <testcase name="reCarRentalMultSearchService" time="1.062" classname="com.deem.joltage.platformtests.test.RENightlySuiteTest"/>
  <testcase name="reCarRentalMultSearchService" time="1.089" classname="com.deem.joltage.platformtests.test.RENightlySuiteTest"/>
  <testcase name="reCarRentalMultSearchService" time="1.043" classname="com.deem.joltage.platformtests.test.RENightlySuiteTest"/>
  <testcase name="reCarRentalMultSearchService" time="1.091" classname="com.deem.joltage.platformtests.test.RENightlySuiteTest"/>
  <testcase name="reCarRentalMulty6SearchService" time="1.131" classname="com.deem.joltage.platformtests.test.RENightlySuiteTest"/>
  <testcase name="reCarRentalMulty6SearchService" time="1.129" classname="com.deem.joltage.platformtests.test.RENightlySuiteTest"/>
  <testcase name="reCarRentalMultySearchService" time="0.819" classname="com.deem.joltage.platformtests.test.RENightlySuiteTest"/>
  <testcase name="reCarRentalMultySearchService" time="0.839" classname="com.deem.joltage.platformtests.test.RENightlySuiteTest"/>
  <testcase name="reCarRentalMultySearchService" time="0.817" classname="com.deem.joltage.platformtests.test.RENightlySuiteTest"/>
  <testcase name="reCarRentalSearchService" time="0.587" classname="com.deem.joltage.platformtests.test.RENightlySuiteTest"/>
  <testcase name="reCarRentalSearchService" time="0.559" classname="com.deem.joltage.platformtests.test.RENightlySuiteTest"/>
  <testcase name="reCarRentalSolorSearchServiceTest" time="0.807" classname="com.deem.joltage.platformtests.test.RENightlySuiteTest"/>
  <testcase name="reCarRentalSolorSearchServiceTest" time="0.534" classname="com.deem.joltage.platformtests.test.RENightlySuiteTest"/>
  <testcase name="reCarRentalSolorSearchServiceTest" time="0.538" classname="com.deem.joltage.platformtests.test.RENightlySuiteTest"/>
  <testcase name="reCarRentalSolorSearchServiceTest" time="0.542" classname="com.deem.joltage.platformtests.test.RENightlySuiteTest"/>
  <testcase name="reCarRentalSolorSearchServiceTest" time="0.54" classname="com.deem.joltage.platformtests.test.RENightlySuiteTest"/>
  <testcase name="reCarRentalSolorSearchServiceTest" time="0.53" classname="com.deem.joltage.platformtests.test.RENightlySuiteTest"/>
  <testcase name="reCarRentalSolorSearchServiceTest" time="0.545" classname="com.deem.joltage.platformtests.test.RENightlySuiteTest"/>
  <testcase name="reCarRentalSolorSearchServiceTest" time="0.54" classname="com.deem.joltage.platformtests.test.RENightlySuiteTest"/>
  <testcase name="reCarRentalSolorSearchServiceTest" time="0.529" classname="com.deem.joltage.platformtests.test.RENightlySuiteTest"/>
  <testcase name="reCarRentalSolorSearchServiceTest" time="0.544" classname="com.deem.joltage.platformtests.test.RENightlySuiteTest"/>
  <testcase name="reCarRentalSolorSearchServiceTest" time="0.535" classname="com.deem.joltage.platformtests.test.RENightlySuiteTest"/>
  <testcase name="reCarRentalSolorSearchServiceTest" time="0.542" classname="com.deem.joltage.platformtests.test.RENightlySuiteTest"/>
  <testcase name="reCarRentalSolorSearchServiceTest" time="0.523" classname="com.deem.joltage.platformtests.test.RENightlySuiteTest"/>
  <testcase name="reCarRentalSolorSearchServiceTest" time="0.535" classname="com.deem.joltage.platformtests.test.RENightlySuiteTest"/>
  <testcase name="reCarRentalSolorSearchServiceTest" time="0.533" classname="com.deem.joltage.platformtests.test.RENightlySuiteTest"/>
  <testcase name="reCarRentalSolorSearchServiceTest" time="0.567" classname="com.deem.joltage.platformtests.test.RENightlySuiteTest"/>
  <testcase name="reCarRentalSolorSearchServiceTest" time="0.539" classname="com.deem.joltage.platformtests.test.RENightlySuiteTest"/>
  <testcase name="reCarRentalSolorSearchServiceTest" time="0.531" classname="com.deem.joltage.platformtests.test.RENightlySuiteTest"/>
  <testcase name="reCarRentalSolorSearchServiceTest" time="0.576" classname="com.deem.joltage.platformtests.test.RENightlySuiteTest"/>
  <testcase name="reCarRentalSolorSearchServiceTest" time="0.554" classname="com.deem.joltage.platformtests.test.RENightlySuiteTest"/>
  <testcase name="reCarRentalSolorSearchServiceTest" time="0.536" classname="com.deem.joltage.platformtests.test.RENightlySuiteTest"/>
  <testcase name="reCarRentalSolorSearchServiceTest" time="0.549" classname="com.deem.joltage.platformtests.test.RENightlySuiteTest"/>
  <testcase name="reCarRentalSolorSearchServiceTest" time="0.536" classname="com.deem.joltage.platformtests.test.RENightlySuiteTest"/>
  <testcase name="reCarRentalSolorSearchServiceTest" time="0.531" classname="com.deem.joltage.platformtests.test.RENightlySuiteTest"/>
  <testcase name="reCarRentalSolorSearchServiceTest" time="0.529" classname="com.deem.joltage.platformtests.test.RENightlySuiteTest"/>
  <testcase name="reCarRentalSolorSearchServiceTest" time="0.53" classname="com.deem.joltage.platformtests.test.RENightlySuiteTest"/>
  <testcase name="reContactsSearchService" time="0.681" classname="com.deem.joltage.platformtests.test.RENightlySuiteTest"/>
  <testcase name="reContactsSolorSearchService" time="0.782" classname="com.deem.joltage.platformtests.test.RENightlySuiteTest"/>
  <testcase name="reContactsSolorSearchService" time="0.521" classname="com.deem.joltage.platformtests.test.RENightlySuiteTest"/>
  <testcase name="reContactsSolorSearchService" time="0.516" classname="com.deem.joltage.platformtests.test.RENightlySuiteTest"/>
  <testcase name="reContactsSolorSearchService" time="0.55" classname="com.deem.joltage.platformtests.test.RENightlySuiteTest"/>
  <testcase name="reContactsSolorSearchService" time="0.533" classname="com.deem.joltage.platformtests.test.RENightlySuiteTest"/>
  <testcase name="reContactsSolorSearchService" time="0.536" classname="com.deem.joltage.platformtests.test.RENightlySuiteTest"/>
  <testcase name="reContactsSolorSearchService" time="0.545" classname="com.deem.joltage.platformtests.test.RENightlySuiteTest"/>
  <testcase name="reContactsSolorSearchService" time="0.546" classname="com.deem.joltage.platformtests.test.RENightlySuiteTest"/>
  <testcase name="reContactsSolorSearchService" time="0.531" classname="com.deem.joltage.platformtests.test.RENightlySuiteTest"/>
  <testcase name="reContactsSolorSearchService" time="0.531" classname="com.deem.joltage.platformtests.test.RENightlySuiteTest"/>
  <testcase name="reCostAllcationSearchServiceTest" time="0.57" classname="com.deem.joltage.platformtests.test.RENightlySuiteTest">
    <failure type="java.lang.AssertionError" message="Address Line one should be same. expected [5.4725103] but found [5.4951925]">
      <![CDATA[java.lang.AssertionError: Address Line one should be same. expected [5.4725103] but found [5.4951925]
	at com.deem.joltage.platformtests.test.RENightlySuiteTest.reCostAllcationSearchServiceTest(RENightlySuiteTest.java:171)
... Removed 32 stack frames]]>
    </failure>
  </testcase> <!-- reCostAllcationSearchServiceTest -->
  <testcase name="reHPTSingleResultSearchServiceTest" time="0.603" classname="com.deem.joltage.platformtests.test.RENightlySuiteTest"/>
  <testcase name="reHPTSingleResultSearchServiceTest" time="0.553" classname="com.deem.joltage.platformtests.test.RENightlySuiteTest"/>
  <testcase name="reHPTSingleResultSearchServiceTest" time="0.545" classname="com.deem.joltage.platformtests.test.RENightlySuiteTest"/>
  <testcase name="reHPTSingleResultSearchServiceTest" time="0.558" classname="com.deem.joltage.platformtests.test.RENightlySuiteTest"/>
  <testcase name="reHotelPageResultSearchServiceTest" time="1.601" classname="com.deem.joltage.platformtests.test.RENightlySuiteTest"/>
  <testcase name="reHotelPageResultSearchServiceTest" time="1.567" classname="com.deem.joltage.platformtests.test.RENightlySuiteTest"/>
  <testcase name="reHotelSearchServiceTest" time="1.371" classname="com.deem.joltage.platformtests.test.RENightlySuiteTest"/>
  <testcase name="reHotelSearchServiceTest" time="1.331" classname="com.deem.joltage.platformtests.test.RENightlySuiteTest"/>
  <testcase name="reHotelSearchServiceTest" time="1.338" classname="com.deem.joltage.platformtests.test.RENightlySuiteTest"/>
  <testcase name="reHotelSingleResultSearchServiceTest" time="1.315" classname="com.deem.joltage.platformtests.test.RENightlySuiteTest"/>
  <testcase name="reHotelSingleResultSearchServiceTest" time="1.604" classname="com.deem.joltage.platformtests.test.RENightlySuiteTest"/>
  <testcase name="reHotelSingleResultSearchServiceTest" time="1.387" classname="com.deem.joltage.platformtests.test.RENightlySuiteTest"/>
  <testcase name="reHotelSingleResultSearchServiceTest" time="1.357" classname="com.deem.joltage.platformtests.test.RENightlySuiteTest"/>
  <testcase name="reHotelSingleResultSearchServiceTest" time="1.355" classname="com.deem.joltage.platformtests.test.RENightlySuiteTest"/>
  <testcase name="reLocationSearchService" time="0.584" classname="com.deem.joltage.platformtests.test.RENightlySuiteTest"/>
  <testcase name="reLocationSearchService" time="0.556" classname="com.deem.joltage.platformtests.test.RENightlySuiteTest"/>
  <testcase name="reSearchServiceTest" time="0.91" classname="com.deem.joltage.platformtests.test.RENightlySuiteTest"/>
  <testcase name="reTrainstationMultiSearchService" time="0.832" classname="com.deem.joltage.platformtests.test.RENightlySuiteTest"/>
  <testcase name="reTrainstationMultiSearchService" time="1.083" classname="com.deem.joltage.platformtests.test.RENightlySuiteTest"/>
  <testcase name="reTrainstationMultiSearchService" time="0.792" classname="com.deem.joltage.platformtests.test.RENightlySuiteTest"/>
  <testcase name="reTrainstationMultiSearchService" time="1.635" classname="com.deem.joltage.platformtests.test.RENightlySuiteTest"/>
  <testcase name="reTrainstationMultiSearchService" time="1.052" classname="com.deem.joltage.platformtests.test.RENightlySuiteTest"/>
  <testcase name="reTrainstationMultiSearchService" time="1.636" classname="com.deem.joltage.platformtests.test.RENightlySuiteTest"/>
  <testcase name="reTrainstationMultiSearchService" time="1.058" classname="com.deem.joltage.platformtests.test.RENightlySuiteTest"/>
  <testcase name="reTrainstationMultiSearchService" time="0.798" classname="com.deem.joltage.platformtests.test.RENightlySuiteTest"/>
  <testcase name="reTrainstationMultiSearchService" time="1.58" classname="com.deem.joltage.platformtests.test.RENightlySuiteTest"/>
  <testcase name="reTrainstationSearchService" time="0.81" classname="com.deem.joltage.platformtests.test.RENightlySuiteTest"/>
  <testcase name="reTrainstationSearchService" time="0.808" classname="com.deem.joltage.platformtests.test.RENightlySuiteTest"/>
  <testcase name="reTrainstationSearchService" time="0.793" classname="com.deem.joltage.platformtests.test.RENightlySuiteTest"/>
  <testcase name="reTrainstationSearchService" time="0.825" classname="com.deem.joltage.platformtests.test.RENightlySuiteTest"/>
  <testcase name="reTrainstationSearchService" time="0.8" classname="com.deem.joltage.platformtests.test.RENightlySuiteTest"/>
  <testcase name="categoryServiceTest" time="0.0" classname="com.deem.joltage.platformtests.test.RESearchServiceTest">
    <skipped/>
  </testcase> <!-- categoryServiceTest -->
  <testcase name="categoryServiceTest" time="0.0" classname="com.deem.joltage.platformtests.test.RESearchServiceTest">
    <skipped/>
  </testcase> <!-- categoryServiceTest -->
  <testcase name="recommendationServiceTest" time="0.0" classname="com.deem.joltage.platformtests.test.RESearchServiceTest">
    <skipped/>
  </testcase> <!-- recommendationServiceTest -->
  <testcase name="recommendationServiceTest" time="0.0" classname="com.deem.joltage.platformtests.test.RESearchServiceTest">
    <skipped/>
  </testcase> <!-- recommendationServiceTest -->
  <testcase name="GetApproverChainServiceTest" time="1.141" classname="com.deem.joltage.platformtests.test.UserProfileServiceTest"/>
  <testcase name="GetAssignRolesServiceTest" time="17.074" classname="com.deem.joltage.platformtests.test.UserProfileServiceTest"/>
  <testcase name="GetAssignRolesServiceTest" time="15.532" classname="com.deem.joltage.platformtests.test.UserProfileServiceTest"/>
  <testcase name="GetHealthCheckServiceTest" time="0.874" classname="com.deem.joltage.platformtests.test.UserProfileServiceTest"/>
  <testcase name="createBatchUsersTest" time="1.007" classname="com.deem.joltage.platformtests.test.UserProfileServiceTest"/>
  <testcase name="createUserServiceTest" time="1.07" classname="com.deem.joltage.platformtests.test.UserProfileServiceTest"/>
  <testcase name="getApproverInfoTest" time="2.573" classname="com.deem.joltage.platformtests.test.UserProfileServiceTest"/>
  <testcase name="getApproverInfoTest" time="2.364" classname="com.deem.joltage.platformtests.test.UserProfileServiceTest"/>
  <testcase name="removeApproverChainTest" time="14.749" classname="com.deem.joltage.platformtests.test.UserProfileServiceTest"/>
  <testcase name="removeApproverChainTest" time="15.154" classname="com.deem.joltage.platformtests.test.UserProfileServiceTest"/>
  <testcase name="removeApproverChainTest" time="15.191" classname="com.deem.joltage.platformtests.test.UserProfileServiceTest"/>
  <testcase name="removeApproverChainTest" time="15.111" classname="com.deem.joltage.platformtests.test.UserProfileServiceTest"/>
  <testcase name="removeApproverChainTest" time="14.628" classname="com.deem.joltage.platformtests.test.UserProfileServiceTest"/>
  <testcase name="updateBatchUsersTest" time="0.906" classname="com.deem.joltage.platformtests.test.UserProfileServiceTest"/>
  <testcase name="updateUserRoleServiceTest" time="15.214" classname="com.deem.joltage.platformtests.test.UserProfileServiceTest"/>
  <testcase name="updateUserRoleServiceTest" time="15.216" classname="com.deem.joltage.platformtests.test.UserProfileServiceTest"/>
  <testcase name="updateUserServiceTest" time="14.603" classname="com.deem.joltage.platformtests.test.UserProfileServiceTest">
    <failure type="java.lang.NullPointerException">
      <![CDATA[java.lang.NullPointerException
	at com.deem.joltage.platformtests.test.UserProfileServiceTest.updateUserServiceTest(UserProfileServiceTest.java:111)
... Removed 28 stack frames]]>
    </failure>
  </testcase> <!-- updateUserServiceTest -->
  <testcase name="validateBatchUsersInfoTest" time="0.856" classname="com.deem.joltage.platformtests.test.UserProfileServiceTest"/>
  <testcase name="validateUserInfoTest" time="2.426" classname="com.deem.joltage.platformtests.test.UserProfileServiceTest">
    <failure type="java.lang.AssertionError" message="Given should be same expected [Mahesh] but found [mahesh]">
      <![CDATA[java.lang.AssertionError: Given should be same expected [Mahesh] but found [mahesh]
	at com.deem.joltage.platformtests.test.UserProfileServiceTest.validateUserInfoTest(UserProfileServiceTest.java:132)
... Removed 32 stack frames]]>
    </failure>
  </testcase> <!-- validateUserInfoTest -->
  <testcase name="validateUserInfoTest" time="1.212" classname="com.deem.joltage.platformtests.test.UserProfileServiceTest"/>
  <testcase name="validateUserInfoTest" time="1.174" classname="com.deem.joltage.platformtests.test.UserProfileServiceTest"/>
</testsuite> <!-- Surefire test -->
