<?xml version="1.0" encoding="UTF-8"?>
<!-- Generated by org.testng.reporters.JUnitXMLReporter -->
<testsuite hostname="PRINHYLTPAP1022.local" ignored="0" name="Command line test" tests="9" failures="0" timestamp="30 Oct 2017 08:35:55 GMT" time="29.45" errors="0">
  <testcase name="ehrTest" time="6.747" classname="com.digisight.platform.test.EHRTest"/>
  <testcase name="getAuthorizationServiceTest" time="1.618" classname="com.digisight.platform.test.UserServiceTest"/>
  <testcase name="getUserInfoServiceTest" time="1.337" classname="com.digisight.platform.test.UserServiceTest"/>
  <testcase name="filterLocationslistServiceTest" time="1.428" classname="com.digisight.platform.test.UserServiceTest"/>
  <testcase name="encounterListServiceTest" time="5.578" classname="com.digisight.platform.test.UserServiceTest"/>
  <testcase name="locationListServiceTest" time="1.175" classname="com.digisight.platform.test.UserServiceTest"/>
  <testcase name="patientListServiceTest" time="6.36" classname="com.digisight.platform.test.UserServiceTest"/>
  <testcase name="practicesListServiceTest" time="3.714" classname="com.digisight.platform.test.UserServiceTest"/>
  <testcase name="physiciansListServiceTest" time="1.393" classname="com.digisight.platform.test.UserServiceTest"/>
</testsuite> <!-- Command line test -->
